[ 2025-01-06 02:19:01,390 ] 1025 httpx - INFO - HTTP Request: GET https://dagshub.com/api/v1/user "HTTP/1.1 200 OK"
[ 2025-01-06 02:19:01,400 ] 107 dagshub - INFO - Accessing as muralik98
[ 2025-01-06 02:19:01,772 ] 1025 httpx - INFO - HTTP Request: GET https://dagshub.com/api/v1/repos/muralik98/networksecurityclassification "HTTP/1.1 200 OK"
[ 2025-01-06 02:19:02,104 ] 1025 httpx - INFO - HTTP Request: GET https://dagshub.com/api/v1/user "HTTP/1.1 200 OK"
[ 2025-01-06 02:19:02,109 ] 107 dagshub - INFO - Initialized MLflow to track repo "muralik98/networksecurityclassification"
[ 2025-01-06 02:19:02,113 ] 107 dagshub - INFO - Repository muralik98/networksecurityclassification initialized!
[ 2025-01-06 02:19:08,253 ] 61 networksecurity.logging.logger - INFO - Performed train test split on the dataframe
[ 2025-01-06 02:19:08,253 ] 63 networksecurity.logging.logger - INFO - Exited split_data_as_train_test method of Data_Ingestion class
[ 2025-01-06 02:19:08,254 ] 69 networksecurity.logging.logger - INFO - Exporting train and test file path.
[ 2025-01-06 02:19:08,290 ] 75 networksecurity.logging.logger - INFO - Exported train and test file path.
[ 2025-01-06 02:19:08,392 ] 37 networksecurity.logging.logger - INFO - Required number of columns:2
[ 2025-01-06 02:19:08,392 ] 38 networksecurity.logging.logger - INFO - Data frame has columns:31
[ 2025-01-06 02:19:08,392 ] 37 networksecurity.logging.logger - INFO - Required number of columns:2
[ 2025-01-06 02:19:08,392 ] 38 networksecurity.logging.logger - INFO - Data frame has columns:31
[ 2025-01-06 02:19:08,509 ] 47 networksecurity.logging.logger - INFO - Data Transformation Initiated
[ 2025-01-06 02:19:08,561 ] 35 networksecurity.logging.logger - INFO - Performing get_data_transformer_objects
[ 2025-01-06 02:19:08,561 ] 39 networksecurity.logging.logger - INFO - KNN Inputer Initialized with {'missing_values': nan, 'n_neighbors': 3, 'weights': 'uniform'}
[ 2025-01-06 02:19:08,580 ] 45 networksecurity.logging.logger - INFO - code_utils save_object
[ 2025-01-06 02:19:08,583 ] 50 networksecurity.logging.logger - INFO - save_object: File Saved in Pickle Format
[ 2025-01-06 02:19:08,584 ] 45 networksecurity.logging.logger - INFO - code_utils save_object
[ 2025-01-06 02:19:08,586 ] 50 networksecurity.logging.logger - INFO - save_object: File Saved in Pickle Format
[ 2025-01-06 02:22:25,459 ] 45 networksecurity.logging.logger - INFO - code_utils save_object
[ 2025-01-06 02:22:25,460 ] 50 networksecurity.logging.logger - INFO - save_object: File Saved in Pickle Format
[ 2025-01-06 02:22:25,460 ] 45 networksecurity.logging.logger - INFO - code_utils save_object
[ 2025-01-06 02:22:25,482 ] 50 networksecurity.logging.logger - INFO - save_object: File Saved in Pickle Format
[ 2025-01-06 02:22:25,483 ] 136 networksecurity.logging.logger - INFO - Model trainer artifact: ModelTrainerArtifact(trained_model_file_path='Artifacts\\01_06_2025_02_18_58\\model_trainer\\trained_model\\model.pkl', train_metric_artifact=ClassificationMetricArtifact(f1_score=0.9916172561848293, precision_score=0.9910093992644053, recall_score=0.9922258592471358), test_metric_artifact=ClassificationMetricArtifact(f1_score=0.9916172561848293, precision_score=0.9910093992644053, recall_score=0.9922258592471358))
