[ 2025-01-06 03:16:53,351 ] 1025 httpx - INFO - HTTP Request: GET https://dagshub.com/api/v1/user "HTTP/1.1 200 OK"
[ 2025-01-06 03:16:53,354 ] 107 dagshub - INFO - Accessing as muralik98
[ 2025-01-06 03:16:53,734 ] 1025 httpx - INFO - HTTP Request: GET https://dagshub.com/api/v1/repos/muralik98/networksecurityclassification "HTTP/1.1 200 OK"
[ 2025-01-06 03:16:54,081 ] 1025 httpx - INFO - HTTP Request: GET https://dagshub.com/api/v1/user "HTTP/1.1 200 OK"
[ 2025-01-06 03:16:54,084 ] 107 dagshub - INFO - Initialized MLflow to track repo "muralik98/networksecurityclassification"
[ 2025-01-06 03:16:54,089 ] 107 dagshub - INFO - Repository muralik98/networksecurityclassification initialized!
[ 2025-01-06 03:16:57,524 ] 42 root - INFO - Start data Ingestion
[ 2025-01-06 03:17:03,739 ] 61 networksecurity.logging.logger - INFO - Performed train test split on the dataframe
[ 2025-01-06 03:17:03,739 ] 63 networksecurity.logging.logger - INFO - Exited split_data_as_train_test method of Data_Ingestion class
[ 2025-01-06 03:17:03,739 ] 69 networksecurity.logging.logger - INFO - Exporting train and test file path.
[ 2025-01-06 03:17:03,777 ] 75 networksecurity.logging.logger - INFO - Exported train and test file path.
[ 2025-01-06 03:17:03,777 ] 45 root - INFO - Data Ingestion completed and artifact: DataIngestionArtifact(trained_file_path='Artifacts\\01_06_2025_03_16_50\\data_ingestion\\ingested\\train.csv', test_file_path='Artifacts\\01_06_2025_03_16_50\\data_ingestion\\ingested\\test.csv')
[ 2025-01-06 03:17:03,782 ] 55 root - INFO - Initiate the data Validation
[ 2025-01-06 03:17:03,844 ] 37 networksecurity.logging.logger - INFO - Required number of columns:2
[ 2025-01-06 03:17:03,844 ] 38 networksecurity.logging.logger - INFO - Data frame has columns:31
[ 2025-01-06 03:17:03,844 ] 37 networksecurity.logging.logger - INFO - Required number of columns:2
[ 2025-01-06 03:17:03,844 ] 38 networksecurity.logging.logger - INFO - Data frame has columns:31
[ 2025-01-06 03:17:03,946 ] 47 networksecurity.logging.logger - INFO - Data Transformation Initiated
[ 2025-01-06 03:17:03,961 ] 35 networksecurity.logging.logger - INFO - Performing get_data_transformer_objects
[ 2025-01-06 03:17:03,961 ] 39 networksecurity.logging.logger - INFO - KNN Inputer Initialized with {'missing_values': nan, 'n_neighbors': 3, 'weights': 'uniform'}
[ 2025-01-06 03:17:03,973 ] 45 networksecurity.logging.logger - INFO - code_utils save_object
[ 2025-01-06 03:17:03,974 ] 50 networksecurity.logging.logger - INFO - save_object: File Saved in Pickle Format
[ 2025-01-06 03:17:03,974 ] 45 networksecurity.logging.logger - INFO - code_utils save_object
[ 2025-01-06 03:17:03,976 ] 50 networksecurity.logging.logger - INFO - save_object: File Saved in Pickle Format
[ 2025-01-06 03:20:02,577 ] 45 networksecurity.logging.logger - INFO - code_utils save_object
[ 2025-01-06 03:20:02,578 ] 50 networksecurity.logging.logger - INFO - save_object: File Saved in Pickle Format
[ 2025-01-06 03:20:02,578 ] 45 networksecurity.logging.logger - INFO - code_utils save_object
[ 2025-01-06 03:20:02,583 ] 50 networksecurity.logging.logger - INFO - save_object: File Saved in Pickle Format
[ 2025-01-06 03:20:02,583 ] 136 networksecurity.logging.logger - INFO - Model trainer artifact: ModelTrainerArtifact(trained_model_file_path='Artifacts\\01_06_2025_03_16_50\\model_trainer\\trained_model\\model.pkl', train_metric_artifact=ClassificationMetricArtifact(f1_score=0.9915983399129467, precision_score=0.9896948878561326, recall_score=0.9935091277890467), test_metric_artifact=ClassificationMetricArtifact(f1_score=0.9915983399129467, precision_score=0.9896948878561326, recall_score=0.9935091277890467))
